2021-05-23T15:31:55+00:00 CRITICAL Uncaught Error: Unknown named parameter $tasks_meta_id in D:\xampp\htdocs\myproject\wp-includes\class-wp-hook.php:292
Stack trace:
#0 D:\xampp\htdocs\myproject\wp-includes\class-wp-hook.php(316): WP_Hook->apply_filters('', Array)
#1 D:\xampp\htdocs\myproject\wp-includes\plugin.php(551): WP_Hook->do_action(Array)
#2 D:\xampp\htdocs\myproject\wp-content\plugins\wpforms-lite\vendor\woocommerce\action-scheduler\classes\actions\ActionScheduler_Action.php(22): do_action_ref_array('wpforms_admin_n...', Array)
#3 D:\xampp\htdocs\myproject\wp-content\plugins\wpforms-lite\vendor\woocommerce\action-scheduler\classes\abstracts\ActionScheduler_Abstract_QueueRunner.php(65): ActionScheduler_Action->execute()
#4 D:\xampp\htdocs\myproject\wp-content\plugins\wpforms-lite\vendor\woocommerce\action-scheduler\classes\ActionScheduler_QueueRunner.php(162): ActionScheduler_Abstract_QueueRunner->process_action(331, 'WP Cron')
#5 D:\xampp\htdocs\myproject\wp-content\plugins\wpforms-lite\vendor\woocommerce\action-scheduler\classes\ActionScheduler_QueueRunner.php(132): ActionScheduler_QueueRunner->do_batch(25, 'WP Cron')
#6 D:\xampp\htdocs\myproject\wp-includes\class-wp-hook.php(292): ActionScheduler_QueueRunner->run('WP Cron')
#7 D:\xampp\htdocs\myproject\wp-includes\class-wp-hook.php(316): WP_Hook->apply_filters('', Array)
#8 D:\xampp\htdocs\myproject\wp-includes\plugin.php(551): WP_Hook->do_action(Array)
#9 D:\xampp\htdocs\myproject\wp-cron.php(138): do_action_ref_array('action_schedule...', Array)
#10 {main}
  thrown

2021-05-23T15:32:57+00:00 CRITICAL Uncaught Error: Unknown named parameter $tasks_meta_id in D:\xampp\htdocs\myproject\wp-includes\class-wp-hook.php:292
Stack trace:
#0 D:\xampp\htdocs\myproject\wp-includes\class-wp-hook.php(316): WP_Hook->apply_filters('', Array)
#1 D:\xampp\htdocs\myproject\wp-includes\plugin.php(551): WP_Hook->do_action(Array)
#2 D:\xampp\htdocs\myproject\wp-content\plugins\wpforms-lite\vendor\woocommerce\action-scheduler\classes\actions\ActionScheduler_Action.php(22): do_action_ref_array('wpforms_admin_n...', Array)
#3 D:\xampp\htdocs\myproject\wp-content\plugins\wpforms-lite\vendor\woocommerce\action-scheduler\classes\abstracts\ActionScheduler_Abstract_QueueRunner.php(65): ActionScheduler_Action->execute()
#4 D:\xampp\htdocs\myproject\wp-content\plugins\wpforms-lite\vendor\woocommerce\action-scheduler\classes\ActionScheduler_QueueRunner.php(162): ActionScheduler_Abstract_QueueRunner->process_action(332, 'WP Cron')
#5 D:\xampp\htdocs\myproject\wp-content\plugins\wpforms-lite\vendor\woocommerce\action-scheduler\classes\ActionScheduler_QueueRunner.php(132): ActionScheduler_QueueRunner->do_batch(25, 'WP Cron')
#6 D:\xampp\htdocs\myproject\wp-includes\class-wp-hook.php(292): ActionScheduler_QueueRunner->run('WP Cron')
#7 D:\xampp\htdocs\myproject\wp-includes\class-wp-hook.php(316): WP_Hook->apply_filters('', Array)
#8 D:\xampp\htdocs\myproject\wp-includes\plugin.php(551): WP_Hook->do_action(Array)
#9 D:\xampp\htdocs\myproject\wp-cron.php(138): do_action_ref_array('action_schedule...', Array)
#10 {main}
  thrown

2021-05-23T15:34:02+00:00 CRITICAL Uncaught Error: Unknown named parameter $tasks_meta_id in D:\xampp\htdocs\myproject\wp-includes\class-wp-hook.php:292
Stack trace:
#0 D:\xampp\htdocs\myproject\wp-includes\class-wp-hook.php(316): WP_Hook->apply_filters('', Array)
#1 D:\xampp\htdocs\myproject\wp-includes\plugin.php(551): WP_Hook->do_action(Array)
#2 D:\xampp\htdocs\myproject\wp-content\plugins\wpforms-lite\vendor\woocommerce\action-scheduler\classes\actions\ActionScheduler_Action.php(22): do_action_ref_array('wpforms_admin_n...', Array)
#3 D:\xampp\htdocs\myproject\wp-content\plugins\wpforms-lite\vendor\woocommerce\action-scheduler\classes\abstracts\ActionScheduler_Abstract_QueueRunner.php(65): ActionScheduler_Action->execute()
#4 D:\xampp\htdocs\myproject\wp-content\plugins\wpforms-lite\vendor\woocommerce\action-scheduler\classes\ActionScheduler_QueueRunner.php(162): ActionScheduler_Abstract_QueueRunner->process_action(333, 'WP Cron')
#5 D:\xampp\htdocs\myproject\wp-content\plugins\wpforms-lite\vendor\woocommerce\action-scheduler\classes\ActionScheduler_QueueRunner.php(132): ActionScheduler_QueueRunner->do_batch(25, 'WP Cron')
#6 D:\xampp\htdocs\myproject\wp-includes\class-wp-hook.php(292): ActionScheduler_QueueRunner->run('WP Cron')
#7 D:\xampp\htdocs\myproject\wp-includes\class-wp-hook.php(316): WP_Hook->apply_filters('', Array)
#8 D:\xampp\htdocs\myproject\wp-includes\plugin.php(551): WP_Hook->do_action(Array)
#9 D:\xampp\htdocs\myproject\wp-cron.php(138): do_action_ref_array('action_schedule...', Array)
#10 {main}
  thrown

2021-05-23T16:02:16+00:00 CRITICAL Uncaught Error: Unknown named parameter $tasks_meta_id in D:\xampp\htdocs\myproject\wp-includes\class-wp-hook.php:292
Stack trace:
#0 D:\xampp\htdocs\myproject\wp-includes\class-wp-hook.php(316): WP_Hook->apply_filters('', Array)
#1 D:\xampp\htdocs\myproject\wp-includes\plugin.php(551): WP_Hook->do_action(Array)
#2 D:\xampp\htdocs\myproject\wp-content\plugins\wpforms-lite\vendor\woocommerce\action-scheduler\classes\actions\ActionScheduler_Action.php(22): do_action_ref_array('wpforms_admin_n...', Array)
#3 D:\xampp\htdocs\myproject\wp-content\plugins\wpforms-lite\vendor\woocommerce\action-scheduler\classes\abstracts\ActionScheduler_Abstract_QueueRunner.php(65): ActionScheduler_Action->execute()
#4 D:\xampp\htdocs\myproject\wp-content\plugins\wpforms-lite\vendor\woocommerce\action-scheduler\classes\ActionScheduler_QueueRunner.php(162): ActionScheduler_Abstract_QueueRunner->process_action(334, 'WP Cron')
#5 D:\xampp\htdocs\myproject\wp-content\plugins\wpforms-lite\vendor\woocommerce\action-scheduler\classes\ActionScheduler_QueueRunner.php(132): ActionScheduler_QueueRunner->do_batch(25, 'WP Cron')
#6 D:\xampp\htdocs\myproject\wp-includes\class-wp-hook.php(292): ActionScheduler_QueueRunner->run('WP Cron')
#7 D:\xampp\htdocs\myproject\wp-includes\class-wp-hook.php(316): WP_Hook->apply_filters('', Array)
#8 D:\xampp\htdocs\myproject\wp-includes\plugin.php(551): WP_Hook->do_action(Array)
#9 D:\xampp\htdocs\myproject\wp-cron.php(138): do_action_ref_array('action_schedule...', Array)
#10 {main}
  thrown

2021-05-23T16:04:17+00:00 CRITICAL Uncaught Error: Unknown named parameter $tasks_meta_id in D:\xampp\htdocs\myproject\wp-includes\class-wp-hook.php:292
Stack trace:
#0 D:\xampp\htdocs\myproject\wp-includes\class-wp-hook.php(316): WP_Hook->apply_filters('', Array)
#1 D:\xampp\htdocs\myproject\wp-includes\plugin.php(551): WP_Hook->do_action(Array)
#2 D:\xampp\htdocs\myproject\wp-content\plugins\wpforms-lite\vendor\woocommerce\action-scheduler\classes\actions\ActionScheduler_Action.php(22): do_action_ref_array('wpforms_admin_n...', Array)
#3 D:\xampp\htdocs\myproject\wp-content\plugins\wpforms-lite\vendor\woocommerce\action-scheduler\classes\abstracts\ActionScheduler_Abstract_QueueRunner.php(65): ActionScheduler_Action->execute()
#4 D:\xampp\htdocs\myproject\wp-content\plugins\wpforms-lite\vendor\woocommerce\action-scheduler\classes\ActionScheduler_QueueRunner.php(162): ActionScheduler_Abstract_QueueRunner->process_action(335, 'WP Cron')
#5 D:\xampp\htdocs\myproject\wp-content\plugins\wpforms-lite\vendor\woocommerce\action-scheduler\classes\ActionScheduler_QueueRunner.php(132): ActionScheduler_QueueRunner->do_batch(25, 'WP Cron')
#6 D:\xampp\htdocs\myproject\wp-includes\class-wp-hook.php(292): ActionScheduler_QueueRunner->run('WP Cron')
#7 D:\xampp\htdocs\myproject\wp-includes\class-wp-hook.php(316): WP_Hook->apply_filters('', Array)
#8 D:\xampp\htdocs\myproject\wp-includes\plugin.php(551): WP_Hook->do_action(Array)
#9 D:\xampp\htdocs\myproject\wp-cron.php(138): do_action_ref_array('action_schedule...', Array)
#10 {main}
  thrown

2021-05-23T16:04:58+00:00 CRITICAL Uncaught Error: Unknown named parameter $tasks_meta_id in D:\xampp\htdocs\myproject\wp-includes\class-wp-hook.php:292
Stack trace:
#0 D:\xampp\htdocs\myproject\wp-includes\class-wp-hook.php(316): WP_Hook->apply_filters('', Array)
#1 D:\xampp\htdocs\myproject\wp-includes\plugin.php(551): WP_Hook->do_action(Array)
#2 D:\xampp\htdocs\myproject\wp-content\plugins\wpforms-lite\vendor\woocommerce\action-scheduler\classes\actions\ActionScheduler_Action.php(22): do_action_ref_array('wpforms_admin_n...', Array)
#3 D:\xampp\htdocs\myproject\wp-content\plugins\wpforms-lite\vendor\woocommerce\action-scheduler\classes\abstracts\ActionScheduler_Abstract_QueueRunner.php(65): ActionScheduler_Action->execute()
#4 D:\xampp\htdocs\myproject\wp-content\plugins\wpforms-lite\vendor\woocommerce\action-scheduler\classes\ActionScheduler_QueueRunner.php(162): ActionScheduler_Abstract_QueueRunner->process_action(336, 'Async Request')
#5 D:\xampp\htdocs\myproject\wp-content\plugins\wpforms-lite\vendor\woocommerce\action-scheduler\classes\ActionScheduler_QueueRunner.php(132): ActionScheduler_QueueRunner->do_batch(25, 'Async Request')
#6 D:\xampp\htdocs\myproject\wp-includes\class-wp-hook.php(292): ActionScheduler_QueueRunner->run('Async Request')
#7 D:\xampp\htdocs\myproject\wp-includes\class-wp-hook.php(316): WP_Hook->apply_filters('', Array)
#8 D:\xampp\htdocs\myproject\wp-includes\plugin.php(484): WP_Hook->do_action(Array)
#9 D:\xampp\htdocs\myproject\wp-content\plugins\wpforms-lite\vendor\woocommerce\action-scheduler\classes\ActionScheduler_AsyncRequest_QueueRunner.php(52): do_action('action_schedule...', 'Async Request')
#10 D:\xampp\htdocs\myproject\wp-content\plugins\wpforms-lite\vendor\woocommerce\action-scheduler\lib\WP_Async_Request.php(156): ActionScheduler_AsyncRequest_QueueRunner->handle()
#11 D:\xampp\htdocs\myproject\wp-includes\class-wp-hook.php(292): WP_Async_Request->maybe_handle('')
#12 D:\xampp\htdocs\myproject\wp-includes\class-wp-hook.php(316): WP_Hook->apply_filters('', Array)
#13 D:\xampp\htdocs\myproject\wp-includes\plugin.php(484): WP_Hook->do_action(Array)
#14 D:\xampp\htdocs\myproject\wp-admin\admin-ajax.php(187): do_action('wp_ajax_as_asyn...')
#15 {main}
  thrown

2021-05-23T16:06:03+00:00 CRITICAL Uncaught Error: Unknown named parameter $tasks_meta_id in D:\xampp\htdocs\myproject\wp-includes\class-wp-hook.php:292
Stack trace:
#0 D:\xampp\htdocs\myproject\wp-includes\class-wp-hook.php(316): WP_Hook->apply_filters('', Array)
#1 D:\xampp\htdocs\myproject\wp-includes\plugin.php(551): WP_Hook->do_action(Array)
#2 D:\xampp\htdocs\myproject\wp-content\plugins\wpforms-lite\vendor\woocommerce\action-scheduler\classes\actions\ActionScheduler_Action.php(22): do_action_ref_array('wpforms_admin_n...', Array)
#3 D:\xampp\htdocs\myproject\wp-content\plugins\wpforms-lite\vendor\woocommerce\action-scheduler\classes\abstracts\ActionScheduler_Abstract_QueueRunner.php(65): ActionScheduler_Action->execute()
#4 D:\xampp\htdocs\myproject\wp-content\plugins\wpforms-lite\vendor\woocommerce\action-scheduler\classes\ActionScheduler_QueueRunner.php(162): ActionScheduler_Abstract_QueueRunner->process_action(337, 'Async Request')
#5 D:\xampp\htdocs\myproject\wp-content\plugins\wpforms-lite\vendor\woocommerce\action-scheduler\classes\ActionScheduler_QueueRunner.php(132): ActionScheduler_QueueRunner->do_batch(25, 'Async Request')
#6 D:\xampp\htdocs\myproject\wp-includes\class-wp-hook.php(292): ActionScheduler_QueueRunner->run('Async Request')
#7 D:\xampp\htdocs\myproject\wp-includes\class-wp-hook.php(316): WP_Hook->apply_filters('', Array)
#8 D:\xampp\htdocs\myproject\wp-includes\plugin.php(484): WP_Hook->do_action(Array)
#9 D:\xampp\htdocs\myproject\wp-content\plugins\wpforms-lite\vendor\woocommerce\action-scheduler\classes\ActionScheduler_AsyncRequest_QueueRunner.php(52): do_action('action_schedule...', 'Async Request')
#10 D:\xampp\htdocs\myproject\wp-content\plugins\wpforms-lite\vendor\woocommerce\action-scheduler\lib\WP_Async_Request.php(156): ActionScheduler_AsyncRequest_QueueRunner->handle()
#11 D:\xampp\htdocs\myproject\wp-includes\class-wp-hook.php(292): WP_Async_Request->maybe_handle('')
#12 D:\xampp\htdocs\myproject\wp-includes\class-wp-hook.php(316): WP_Hook->apply_filters('', Array)
#13 D:\xampp\htdocs\myproject\wp-includes\plugin.php(484): WP_Hook->do_action(Array)
#14 D:\xampp\htdocs\myproject\wp-admin\admin-ajax.php(187): do_action('wp_ajax_as_asyn...')
#15 {main}
  thrown

2021-05-23T16:07:07+00:00 CRITICAL Uncaught Error: Unknown named parameter $tasks_meta_id in D:\xampp\htdocs\myproject\wp-includes\class-wp-hook.php:292
Stack trace:
#0 D:\xampp\htdocs\myproject\wp-includes\class-wp-hook.php(316): WP_Hook->apply_filters('', Array)
#1 D:\xampp\htdocs\myproject\wp-includes\plugin.php(551): WP_Hook->do_action(Array)
#2 D:\xampp\htdocs\myproject\wp-content\plugins\wpforms-lite\vendor\woocommerce\action-scheduler\classes\actions\ActionScheduler_Action.php(22): do_action_ref_array('wpforms_admin_n...', Array)
#3 D:\xampp\htdocs\myproject\wp-content\plugins\wpforms-lite\vendor\woocommerce\action-scheduler\classes\abstracts\ActionScheduler_Abstract_QueueRunner.php(65): ActionScheduler_Action->execute()
#4 D:\xampp\htdocs\myproject\wp-content\plugins\wpforms-lite\vendor\woocommerce\action-scheduler\classes\ActionScheduler_QueueRunner.php(162): ActionScheduler_Abstract_QueueRunner->process_action(338, 'WP Cron')
#5 D:\xampp\htdocs\myproject\wp-content\plugins\wpforms-lite\vendor\woocommerce\action-scheduler\classes\ActionScheduler_QueueRunner.php(132): ActionScheduler_QueueRunner->do_batch(25, 'WP Cron')
#6 D:\xampp\htdocs\myproject\wp-includes\class-wp-hook.php(292): ActionScheduler_QueueRunner->run('WP Cron')
#7 D:\xampp\htdocs\myproject\wp-includes\class-wp-hook.php(316): WP_Hook->apply_filters('', Array)
#8 D:\xampp\htdocs\myproject\wp-includes\plugin.php(551): WP_Hook->do_action(Array)
#9 D:\xampp\htdocs\myproject\wp-cron.php(138): do_action_ref_array('action_schedule...', Array)
#10 {main}
  thrown

2021-05-23T16:07:08+00:00 CRITICAL Uncaught Error: Unknown named parameter $tasks_meta_id in D:\xampp\htdocs\myproject\wp-includes\class-wp-hook.php:292
Stack trace:
#0 D:\xampp\htdocs\myproject\wp-includes\class-wp-hook.php(316): WP_Hook->apply_filters('', Array)
#1 D:\xampp\htdocs\myproject\wp-includes\plugin.php(551): WP_Hook->do_action(Array)
#2 D:\xampp\htdocs\myproject\wp-content\plugins\wpforms-lite\vendor\woocommerce\action-scheduler\classes\actions\ActionScheduler_Action.php(22): do_action_ref_array('wpforms_admin_n...', Array)
#3 D:\xampp\htdocs\myproject\wp-content\plugins\wpforms-lite\vendor\woocommerce\action-scheduler\classes\abstracts\ActionScheduler_Abstract_QueueRunner.php(65): ActionScheduler_Action->execute()
#4 D:\xampp\htdocs\myproject\wp-content\plugins\wpforms-lite\vendor\woocommerce\action-scheduler\classes\ActionScheduler_QueueRunner.php(162): ActionScheduler_Abstract_QueueRunner->process_action(339, 'Async Request')
#5 D:\xampp\htdocs\myproject\wp-content\plugins\wpforms-lite\vendor\woocommerce\action-scheduler\classes\ActionScheduler_QueueRunner.php(132): ActionScheduler_QueueRunner->do_batch(25, 'Async Request')
#6 D:\xampp\htdocs\myproject\wp-includes\class-wp-hook.php(292): ActionScheduler_QueueRunner->run('Async Request')
#7 D:\xampp\htdocs\myproject\wp-includes\class-wp-hook.php(316): WP_Hook->apply_filters('', Array)
#8 D:\xampp\htdocs\myproject\wp-includes\plugin.php(484): WP_Hook->do_action(Array)
#9 D:\xampp\htdocs\myproject\wp-content\plugins\wpforms-lite\vendor\woocommerce\action-scheduler\classes\ActionScheduler_AsyncRequest_QueueRunner.php(52): do_action('action_schedule...', 'Async Request')
#10 D:\xampp\htdocs\myproject\wp-content\plugins\wpforms-lite\vendor\woocommerce\action-scheduler\lib\WP_Async_Request.php(156): ActionScheduler_AsyncRequest_QueueRunner->handle()
#11 D:\xampp\htdocs\myproject\wp-includes\class-wp-hook.php(292): WP_Async_Request->maybe_handle('')
#12 D:\xampp\htdocs\myproject\wp-includes\class-wp-hook.php(316): WP_Hook->apply_filters('', Array)
#13 D:\xampp\htdocs\myproject\wp-includes\plugin.php(484): WP_Hook->do_action(Array)
#14 D:\xampp\htdocs\myproject\wp-admin\admin-ajax.php(187): do_action('wp_ajax_as_asyn...')
#15 {main}
  thrown

2021-05-23T16:10:10+00:00 CRITICAL Uncaught Error: Unknown named parameter $tasks_meta_id in D:\xampp\htdocs\myproject\wp-includes\class-wp-hook.php:292
Stack trace:
#0 D:\xampp\htdocs\myproject\wp-includes\class-wp-hook.php(316): WP_Hook->apply_filters('', Array)
#1 D:\xampp\htdocs\myproject\wp-includes\plugin.php(551): WP_Hook->do_action(Array)
#2 D:\xampp\htdocs\myproject\wp-content\plugins\wpforms-lite\vendor\woocommerce\action-scheduler\classes\actions\ActionScheduler_Action.php(22): do_action_ref_array('wpforms_admin_n...', Array)
#3 D:\xampp\htdocs\myproject\wp-content\plugins\wpforms-lite\vendor\woocommerce\action-scheduler\classes\abstracts\ActionScheduler_Abstract_QueueRunner.php(65): ActionScheduler_Action->execute()
#4 D:\xampp\htdocs\myproject\wp-content\plugins\wpforms-lite\vendor\woocommerce\action-scheduler\classes\ActionScheduler_QueueRunner.php(162): ActionScheduler_Abstract_QueueRunner->process_action(340, 'WP Cron')
#5 D:\xampp\htdocs\myproject\wp-content\plugins\wpforms-lite\vendor\woocommerce\action-scheduler\classes\ActionScheduler_QueueRunner.php(132): ActionScheduler_QueueRunner->do_batch(25, 'WP Cron')
#6 D:\xampp\htdocs\myproject\wp-includes\class-wp-hook.php(292): ActionScheduler_QueueRunner->run('WP Cron')
#7 D:\xampp\htdocs\myproject\wp-includes\class-wp-hook.php(316): WP_Hook->apply_filters('', Array)
#8 D:\xampp\htdocs\myproject\wp-includes\plugin.php(551): WP_Hook->do_action(Array)
#9 D:\xampp\htdocs\myproject\wp-cron.php(138): do_action_ref_array('action_schedule...', Array)
#10 {main}
  thrown

2021-05-23T16:10:43+00:00 CRITICAL Uncaught Error: Unknown named parameter $tasks_meta_id in D:\xampp\htdocs\myproject\wp-includes\class-wp-hook.php:292
Stack trace:
#0 D:\xampp\htdocs\myproject\wp-includes\class-wp-hook.php(316): WP_Hook->apply_filters('', Array)
#1 D:\xampp\htdocs\myproject\wp-includes\plugin.php(551): WP_Hook->do_action(Array)
#2 D:\xampp\htdocs\myproject\wp-content\plugins\wpforms-lite\vendor\woocommerce\action-scheduler\classes\actions\ActionScheduler_Action.php(22): do_action_ref_array('wpforms_admin_n...', Array)
#3 D:\xampp\htdocs\myproject\wp-content\plugins\wpforms-lite\vendor\woocommerce\action-scheduler\classes\abstracts\ActionScheduler_Abstract_QueueRunner.php(65): ActionScheduler_Action->execute()
#4 D:\xampp\htdocs\myproject\wp-content\plugins\wpforms-lite\vendor\woocommerce\action-scheduler\classes\ActionScheduler_QueueRunner.php(162): ActionScheduler_Abstract_QueueRunner->process_action(341, 'Async Request')
#5 D:\xampp\htdocs\myproject\wp-content\plugins\wpforms-lite\vendor\woocommerce\action-scheduler\classes\ActionScheduler_QueueRunner.php(132): ActionScheduler_QueueRunner->do_batch(25, 'Async Request')
#6 D:\xampp\htdocs\myproject\wp-includes\class-wp-hook.php(292): ActionScheduler_QueueRunner->run('Async Request')
#7 D:\xampp\htdocs\myproject\wp-includes\class-wp-hook.php(316): WP_Hook->apply_filters('', Array)
#8 D:\xampp\htdocs\myproject\wp-includes\plugin.php(484): WP_Hook->do_action(Array)
#9 D:\xampp\htdocs\myproject\wp-content\plugins\wpforms-lite\vendor\woocommerce\action-scheduler\classes\ActionScheduler_AsyncRequest_QueueRunner.php(52): do_action('action_schedule...', 'Async Request')
#10 D:\xampp\htdocs\myproject\wp-content\plugins\wpforms-lite\vendor\woocommerce\action-scheduler\lib\WP_Async_Request.php(156): ActionScheduler_AsyncRequest_QueueRunner->handle()
#11 D:\xampp\htdocs\myproject\wp-includes\class-wp-hook.php(292): WP_Async_Request->maybe_handle('')
#12 D:\xampp\htdocs\myproject\wp-includes\class-wp-hook.php(316): WP_Hook->apply_filters('', Array)
#13 D:\xampp\htdocs\myproject\wp-includes\plugin.php(484): WP_Hook->do_action(Array)
#14 D:\xampp\htdocs\myproject\wp-admin\admin-ajax.php(187): do_action('wp_ajax_as_asyn...')
#15 {main}
  thrown

2021-05-23T16:11:44+00:00 CRITICAL Uncaught Error: Unknown named parameter $tasks_meta_id in D:\xampp\htdocs\myproject\wp-includes\class-wp-hook.php:292
Stack trace:
#0 D:\xampp\htdocs\myproject\wp-includes\class-wp-hook.php(316): WP_Hook->apply_filters('', Array)
#1 D:\xampp\htdocs\myproject\wp-includes\plugin.php(551): WP_Hook->do_action(Array)
#2 D:\xampp\htdocs\myproject\wp-content\plugins\wpforms-lite\vendor\woocommerce\action-scheduler\classes\actions\ActionScheduler_Action.php(22): do_action_ref_array('wpforms_admin_n...', Array)
#3 D:\xampp\htdocs\myproject\wp-content\plugins\wpforms-lite\vendor\woocommerce\action-scheduler\classes\abstracts\ActionScheduler_Abstract_QueueRunner.php(65): ActionScheduler_Action->execute()
#4 D:\xampp\htdocs\myproject\wp-content\plugins\wpforms-lite\vendor\woocommerce\action-scheduler\classes\ActionScheduler_QueueRunner.php(162): ActionScheduler_Abstract_QueueRunner->process_action(342, 'Async Request')
#5 D:\xampp\htdocs\myproject\wp-content\plugins\wpforms-lite\vendor\woocommerce\action-scheduler\classes\ActionScheduler_QueueRunner.php(132): ActionScheduler_QueueRunner->do_batch(25, 'Async Request')
#6 D:\xampp\htdocs\myproject\wp-includes\class-wp-hook.php(292): ActionScheduler_QueueRunner->run('Async Request')
#7 D:\xampp\htdocs\myproject\wp-includes\class-wp-hook.php(316): WP_Hook->apply_filters('', Array)
#8 D:\xampp\htdocs\myproject\wp-includes\plugin.php(484): WP_Hook->do_action(Array)
#9 D:\xampp\htdocs\myproject\wp-content\plugins\wpforms-lite\vendor\woocommerce\action-scheduler\classes\ActionScheduler_AsyncRequest_QueueRunner.php(52): do_action('action_schedule...', 'Async Request')
#10 D:\xampp\htdocs\myproject\wp-content\plugins\wpforms-lite\vendor\woocommerce\action-scheduler\lib\WP_Async_Request.php(156): ActionScheduler_AsyncRequest_QueueRunner->handle()
#11 D:\xampp\htdocs\myproject\wp-includes\class-wp-hook.php(292): WP_Async_Request->maybe_handle('')
#12 D:\xampp\htdocs\myproject\wp-includes\class-wp-hook.php(316): WP_Hook->apply_filters('', Array)
#13 D:\xampp\htdocs\myproject\wp-includes\plugin.php(484): WP_Hook->do_action(Array)
#14 D:\xampp\htdocs\myproject\wp-admin\admin-ajax.php(187): do_action('wp_ajax_as_asyn...')
#15 {main}
  thrown

